{"C:\\Users\\disrct\\Desktop\\aula\\src\\commom\\calc.js": {"path":"C:\\Users\\disrct\\Desktop\\aula\\src\\commom\\calc.js","statementMap":{"0":{"start":{"line":2,"column":4},"end":{"line":2,"column":17}},"1":{"start":{"line":5,"column":4},"end":{"line":5,"column":17}},"2":{"start":{"line":8,"column":4},"end":{"line":10,"column":5}},"3":{"start":{"line":9,"column":8},"end":{"line":9,"column":21}},"4":{"start":{"line":11,"column":4},"end":{"line":11,"column":17}},"5":{"start":{"line":14,"column":4},"end":{"line":14,"column":17}},"6":{"start":{"line":17,"column":4},"end":{"line":19,"column":5}},"7":{"start":{"line":18,"column":8},"end":{"line":18,"column":21}},"8":{"start":{"line":20,"column":4},"end":{"line":24,"column":5}},"9":{"start":{"line":20,"column":16},"end":{"line":20,"column":33}},"10":{"start":{"line":21,"column":8},"end":{"line":23,"column":9}},"11":{"start":{"line":22,"column":12},"end":{"line":22,"column":25}},"12":{"start":{"line":25,"column":4},"end":{"line":25,"column":16}},"13":{"start":{"line":28,"column":0},"end":{"line":28,"column":48}}},"fnMap":{"0":{"name":"Soma","decl":{"start":{"line":1,"column":9},"end":{"line":1,"column":13}},"loc":{"start":{"line":1,"column":18},"end":{"line":3,"column":1}},"line":1},"1":{"name":"Sub","decl":{"start":{"line":4,"column":9},"end":{"line":4,"column":12}},"loc":{"start":{"line":4,"column":17},"end":{"line":6,"column":1}},"line":4},"2":{"name":"Div","decl":{"start":{"line":7,"column":9},"end":{"line":7,"column":12}},"loc":{"start":{"line":7,"column":17},"end":{"line":12,"column":1}},"line":7},"3":{"name":"Mult","decl":{"start":{"line":13,"column":9},"end":{"line":13,"column":13}},"loc":{"start":{"line":13,"column":18},"end":{"line":15,"column":1}},"line":13},"4":{"name":"Primo","decl":{"start":{"line":16,"column":9},"end":{"line":16,"column":14}},"loc":{"start":{"line":16,"column":19},"end":{"line":26,"column":1}},"line":16}},"branchMap":{"0":{"loc":{"start":{"line":8,"column":4},"end":{"line":10,"column":5}},"type":"if","locations":[{"start":{"line":8,"column":4},"end":{"line":10,"column":5}},{"start":{},"end":{}}],"line":8},"1":{"loc":{"start":{"line":17,"column":4},"end":{"line":19,"column":5}},"type":"if","locations":[{"start":{"line":17,"column":4},"end":{"line":19,"column":5}},{"start":{},"end":{}}],"line":17},"2":{"loc":{"start":{"line":21,"column":8},"end":{"line":23,"column":9}},"type":"if","locations":[{"start":{"line":21,"column":8},"end":{"line":23,"column":9}},{"start":{},"end":{}}],"line":21}},"s":{"0":1,"1":1,"2":2,"3":1,"4":1,"5":1,"6":3,"7":1,"8":2,"9":2,"10":9,"11":1,"12":1,"13":1},"f":{"0":1,"1":1,"2":2,"3":1,"4":3},"b":{"0":[1,1],"1":[1,2],"2":[1,8]},"_coverageSchema":"1a1c01bbd47fc00a2c39e90264f33305004495a9","hash":"803ca4d91d28816cd3e79420e387eec4c89971af"}
,"C:\\Users\\disrct\\Desktop\\aula\\src\\commom\\cpf.js": {"path":"C:\\Users\\disrct\\Desktop\\aula\\src\\commom\\cpf.js","statementMap":{"0":{"start":{"line":2,"column":4},"end":{"line":4,"column":5}},"1":{"start":{"line":3,"column":8},"end":{"line":3,"column":20}},"2":{"start":{"line":5,"column":4},"end":{"line":7,"column":5}},"3":{"start":{"line":6,"column":8},"end":{"line":6,"column":20}},"4":{"start":{"line":9,"column":23},"end":{"line":9,"column":27}},"5":{"start":{"line":10,"column":4},"end":{"line":15,"column":5}},"6":{"start":{"line":10,"column":16},"end":{"line":10,"column":17}},"7":{"start":{"line":11,"column":8},"end":{"line":14,"column":9}},"8":{"start":{"line":12,"column":12},"end":{"line":12,"column":32}},"9":{"start":{"line":13,"column":12},"end":{"line":13,"column":17}},"10":{"start":{"line":16,"column":4},"end":{"line":16,"column":33}},"11":{"start":{"line":16,"column":21},"end":{"line":16,"column":33}},"12":{"start":{"line":18,"column":13},"end":{"line":18,"column":14}},"13":{"start":{"line":21,"column":4},"end":{"line":23,"column":5}},"14":{"start":{"line":21,"column":17},"end":{"line":21,"column":18}},"15":{"start":{"line":22,"column":8},"end":{"line":22,"column":32}},"16":{"start":{"line":24,"column":4},"end":{"line":24,"column":22}},"17":{"start":{"line":25,"column":18},"end":{"line":25,"column":47}},"18":{"start":{"line":27,"column":4},"end":{"line":27,"column":12}},"19":{"start":{"line":28,"column":4},"end":{"line":28,"column":13}},"20":{"start":{"line":30,"column":4},"end":{"line":32,"column":5}},"21":{"start":{"line":30,"column":16},"end":{"line":30,"column":17}},"22":{"start":{"line":31,"column":8},"end":{"line":31,"column":32}},"23":{"start":{"line":34,"column":4},"end":{"line":34,"column":21}},"24":{"start":{"line":36,"column":18},"end":{"line":36,"column":47}},"25":{"start":{"line":39,"column":4},"end":{"line":46,"column":5}},"26":{"start":{"line":40,"column":8},"end":{"line":40,"column":33}},"27":{"start":{"line":41,"column":8},"end":{"line":41,"column":19}},"28":{"start":{"line":44,"column":4},"end":{"line":44,"column":31}},"29":{"start":{"line":45,"column":4},"end":{"line":45,"column":16}},"30":{"start":{"line":49,"column":0},"end":{"line":49,"column":22}}},"fnMap":{"0":{"name":"cpf","decl":{"start":{"line":1,"column":9},"end":{"line":1,"column":12}},"loc":{"start":{"line":1,"column":17},"end":{"line":48,"column":1}},"line":1}},"branchMap":{"0":{"loc":{"start":{"line":2,"column":4},"end":{"line":4,"column":5}},"type":"if","locations":[{"start":{"line":2,"column":4},"end":{"line":4,"column":5}},{"start":{},"end":{}}],"line":2},"1":{"loc":{"start":{"line":5,"column":4},"end":{"line":7,"column":5}},"type":"if","locations":[{"start":{"line":5,"column":4},"end":{"line":7,"column":5}},{"start":{},"end":{}}],"line":5},"2":{"loc":{"start":{"line":11,"column":8},"end":{"line":14,"column":9}},"type":"if","locations":[{"start":{"line":11,"column":8},"end":{"line":14,"column":9}},{"start":{},"end":{}}],"line":11},"3":{"loc":{"start":{"line":16,"column":4},"end":{"line":16,"column":33}},"type":"if","locations":[{"start":{"line":16,"column":4},"end":{"line":16,"column":33}},{"start":{},"end":{}}],"line":16},"4":{"loc":{"start":{"line":25,"column":18},"end":{"line":25,"column":47}},"type":"cond-expr","locations":[{"start":{"line":25,"column":33},"end":{"line":25,"column":34}},{"start":{"line":25,"column":37},"end":{"line":25,"column":47}}],"line":25},"5":{"loc":{"start":{"line":36,"column":18},"end":{"line":36,"column":47}},"type":"cond-expr","locations":[{"start":{"line":36,"column":33},"end":{"line":36,"column":34}},{"start":{"line":36,"column":37},"end":{"line":36,"column":47}}],"line":36},"6":{"loc":{"start":{"line":39,"column":4},"end":{"line":46,"column":5}},"type":"if","locations":[{"start":{"line":39,"column":4},"end":{"line":46,"column":5}},{"start":{"line":43,"column":8},"end":{"line":46,"column":5}}],"line":39},"7":{"loc":{"start":{"line":39,"column":7},"end":{"line":39,"column":46}},"type":"binary-expr","locations":[{"start":{"line":39,"column":7},"end":{"line":39,"column":24}},{"start":{"line":39,"column":28},"end":{"line":39,"column":46}}],"line":39}},"s":{"0":5,"1":1,"2":4,"3":1,"4":3,"5":3,"6":3,"7":12,"8":2,"9":2,"10":3,"11":1,"12":2,"13":2,"14":2,"15":18,"16":2,"17":2,"18":2,"19":2,"20":2,"21":2,"22":20,"23":2,"24":2,"25":2,"26":1,"27":1,"28":1,"29":1,"30":1},"f":{"0":5},"b":{"0":[1,4],"1":[1,3],"2":[2,10],"3":[1,2],"4":[1,1],"5":[0,2],"6":[1,1],"7":[2,1]},"_coverageSchema":"1a1c01bbd47fc00a2c39e90264f33305004495a9","hash":"0462b80a3126239556d344b47f2033783930fd61"}
}
