TN:
SF:src\commom\calc.js
FN:1,Soma
FN:4,Sub
FN:7,Div
FN:13,Mult
FN:16,Primo
FNF:5
FNH:5
FNDA:1,Soma
FNDA:1,Sub
FNDA:2,Div
FNDA:1,Mult
FNDA:3,Primo
DA:2,1
DA:5,1
DA:8,2
DA:9,1
DA:11,1
DA:14,1
DA:17,3
DA:18,1
DA:20,2
DA:21,9
DA:22,1
DA:25,1
DA:28,1
LF:13
LH:13
BRDA:8,0,0,1
BRDA:8,0,1,1
BRDA:17,1,0,1
BRDA:17,1,1,2
BRDA:21,2,0,1
BRDA:21,2,1,8
BRF:6
BRH:6
end_of_record
TN:
SF:src\commom\cpf.js
FN:1,cpf
FNF:1
FNH:1
FNDA:5,cpf
DA:2,5
DA:3,1
DA:5,4
DA:6,1
DA:9,3
DA:10,3
DA:11,12
DA:12,2
DA:13,2
DA:16,3
DA:18,2
DA:21,2
DA:22,18
DA:24,2
DA:25,2
DA:27,2
DA:28,2
DA:30,2
DA:31,20
DA:34,2
DA:36,2
DA:39,2
DA:40,1
DA:41,1
DA:44,1
DA:45,1
DA:49,1
LF:27
LH:27
BRDA:2,0,0,1
BRDA:2,0,1,4
BRDA:5,1,0,1
BRDA:5,1,1,3
BRDA:11,2,0,2
BRDA:11,2,1,10
BRDA:16,3,0,1
BRDA:16,3,1,2
BRDA:25,4,0,1
BRDA:25,4,1,1
BRDA:36,5,0,0
BRDA:36,5,1,2
BRDA:39,6,0,1
BRDA:39,6,1,1
BRDA:39,7,0,2
BRDA:39,7,1,1
BRF:16
BRH:15
end_of_record
